<?xml version="1.0" encoding="UTF-8"?>
<!-- Generated by org.testng.reporters.JUnitReportReporter -->
<testsuite skipped="0" hostname="DESKTOP-8TCJPKS" name="TestRunner" tests="1" failures="0" timestamp="2023-03-16T23:57:52 EDT" time="0.184" errors="0">
  <testcase name="runScenario" time="0.184" classname="TestRunner"/>
  <system-out/>
</testsuite> <!-- TestRunner -->
